[0.010s] Invoking command in '/home/batman/ros2_ws/build/training_interfaces': CMAKE_PREFIX_PATH=${CMAKE_PREFIX_PATH}:/opt/ros/humble /usr/bin/cmake --build /home/batman/ros2_ws/build/training_interfaces -- -j16 -l16
[0.052s] [35m[1mConsolidate compiler generated dependencies of target training_interfaces__rosidl_generator_c[0m
[0.061s] [  6%] Built target training_interfaces__cpp
[0.061s] [ 12%] Built target training_interfaces__rosidl_generator_c
[0.072s] [ 12%] Built target ament_cmake_python_copy_training_interfaces
[0.072s] [35m[1mConsolidate compiler generated dependencies of target training_interfaces__rosidl_typesupport_cpp[0m
[0.073s] [35m[1mConsolidate compiler generated dependencies of target training_interfaces__rosidl_typesupport_fastrtps_c[0m
[0.073s] [35m[1mConsolidate compiler generated dependencies of target training_interfaces__rosidl_typesupport_fastrtps_cpp[0m
[0.073s] [35m[1mConsolidate compiler generated dependencies of target training_interfaces__rosidl_typesupport_introspection_c[0m
[0.073s] [35m[1mConsolidate compiler generated dependencies of target training_interfaces__rosidl_typesupport_introspection_cpp[0m
[0.073s] [35m[1mConsolidate compiler generated dependencies of target training_interfaces__rosidl_typesupport_c[0m
[0.088s] [ 51%] Built target training_interfaces__rosidl_typesupport_fastrtps_c
[0.088s] [ 51%] Built target training_interfaces__rosidl_typesupport_c
[0.088s] [ 51%] Built target training_interfaces__rosidl_typesupport_introspection_c
[0.088s] [ 51%] Built target training_interfaces__rosidl_typesupport_cpp
[0.088s] [ 61%] Built target training_interfaces__rosidl_typesupport_fastrtps_cpp
[0.088s] [ 70%] Built target training_interfaces__rosidl_typesupport_introspection_cpp
[0.107s] [ 70%] Built target training_interfaces
[0.128s] [ 74%] Built target training_interfaces__py
[0.139s] [35m[1mConsolidate compiler generated dependencies of target training_interfaces__rosidl_generator_py[0m
[0.152s] [ 80%] Built target training_interfaces__rosidl_generator_py
[0.162s] [35m[1mConsolidate compiler generated dependencies of target training_interfaces__rosidl_typesupport_c__pyext[0m
[0.162s] [35m[1mConsolidate compiler generated dependencies of target training_interfaces__rosidl_typesupport_introspection_c__pyext[0m
[0.162s] [35m[1mConsolidate compiler generated dependencies of target training_interfaces__rosidl_typesupport_fastrtps_c__pyext[0m
[0.174s] [ 93%] Built target training_interfaces__rosidl_typesupport_c__pyext
[0.174s] [ 93%] Built target training_interfaces__rosidl_typesupport_introspection_c__pyext
[0.174s] [100%] Built target training_interfaces__rosidl_typesupport_fastrtps_c__pyext
[0.224s] running egg_info
[0.235s] writing training_interfaces.egg-info/PKG-INFO
[0.235s] writing dependency_links to training_interfaces.egg-info/dependency_links.txt
[0.235s] writing top-level names to training_interfaces.egg-info/top_level.txt
[0.266s] reading manifest file 'training_interfaces.egg-info/SOURCES.txt'
[0.267s] writing manifest file 'training_interfaces.egg-info/SOURCES.txt'
[0.301s] [100%] Built target ament_cmake_python_build_training_interfaces_egg
[0.312s] Invoked command in '/home/batman/ros2_ws/build/training_interfaces' returned '0': CMAKE_PREFIX_PATH=${CMAKE_PREFIX_PATH}:/opt/ros/humble /usr/bin/cmake --build /home/batman/ros2_ws/build/training_interfaces -- -j16 -l16
[0.325s] Invoking command in '/home/batman/ros2_ws/build/training_interfaces': CMAKE_PREFIX_PATH=${CMAKE_PREFIX_PATH}:/opt/ros/humble /usr/bin/cmake --install /home/batman/ros2_ws/build/training_interfaces
[0.334s] -- Install configuration: ""
[0.334s] -- Up-to-date: /home/batman/ros2_ws/install/training_interfaces/share/ament_index/resource_index/rosidl_interfaces/training_interfaces
[0.334s] -- Up-to-date: /home/batman/ros2_ws/install/training_interfaces/include/training_interfaces/training_interfaces
[0.334s] -- Up-to-date: /home/batman/ros2_ws/install/training_interfaces/include/training_interfaces/training_interfaces/msg
[0.334s] -- Up-to-date: /home/batman/ros2_ws/install/training_interfaces/include/training_interfaces/training_interfaces/msg/person.h
[0.334s] -- Up-to-date: /home/batman/ros2_ws/install/training_interfaces/include/training_interfaces/training_interfaces/msg/detail
[0.334s] -- Up-to-date: /home/batman/ros2_ws/install/training_interfaces/include/training_interfaces/training_interfaces/msg/detail/person__functions.h
[0.334s] -- Up-to-date: /home/batman/ros2_ws/install/training_interfaces/include/training_interfaces/training_interfaces/msg/detail/person__type_support.h
[0.335s] -- Up-to-date: /home/batman/ros2_ws/install/training_interfaces/include/training_interfaces/training_interfaces/msg/detail/person__functions.c
[0.335s] -- Up-to-date: /home/batman/ros2_ws/install/training_interfaces/include/training_interfaces/training_interfaces/msg/detail/person__struct.h
[0.335s] -- Up-to-date: /home/batman/ros2_ws/install/training_interfaces/include/training_interfaces/training_interfaces/msg/rosidl_generator_c__visibility_control.h
[0.335s] -- Up-to-date: /home/batman/ros2_ws/install/training_interfaces/share/training_interfaces/environment/library_path.sh
[0.335s] -- Up-to-date: /home/batman/ros2_ws/install/training_interfaces/share/training_interfaces/environment/library_path.dsv
[0.335s] -- Up-to-date: /home/batman/ros2_ws/install/training_interfaces/lib/libtraining_interfaces__rosidl_generator_c.so
[0.335s] -- Up-to-date: /home/batman/ros2_ws/install/training_interfaces/include/training_interfaces/training_interfaces
[0.335s] -- Up-to-date: /home/batman/ros2_ws/install/training_interfaces/include/training_interfaces/training_interfaces/msg
[0.335s] -- Up-to-date: /home/batman/ros2_ws/install/training_interfaces/include/training_interfaces/training_interfaces/msg/detail
[0.335s] -- Up-to-date: /home/batman/ros2_ws/install/training_interfaces/include/training_interfaces/training_interfaces/msg/detail/person__rosidl_typesupport_fastrtps_c.h
[0.335s] -- Up-to-date: /home/batman/ros2_ws/install/training_interfaces/include/training_interfaces/training_interfaces/msg/rosidl_typesupport_fastrtps_c__visibility_control.h
[0.335s] -- Up-to-date: /home/batman/ros2_ws/install/training_interfaces/lib/libtraining_interfaces__rosidl_typesupport_fastrtps_c.so
[0.335s] -- Up-to-date: /home/batman/ros2_ws/install/training_interfaces/include/training_interfaces/training_interfaces
[0.335s] -- Up-to-date: /home/batman/ros2_ws/install/training_interfaces/include/training_interfaces/training_interfaces/msg
[0.335s] -- Up-to-date: /home/batman/ros2_ws/install/training_interfaces/include/training_interfaces/training_interfaces/msg/rosidl_typesupport_introspection_c__visibility_control.h
[0.335s] -- Up-to-date: /home/batman/ros2_ws/install/training_interfaces/include/training_interfaces/training_interfaces/msg/detail
[0.335s] -- Up-to-date: /home/batman/ros2_ws/install/training_interfaces/include/training_interfaces/training_interfaces/msg/detail/person__rosidl_typesupport_introspection_c.h
[0.335s] -- Up-to-date: /home/batman/ros2_ws/install/training_interfaces/include/training_interfaces/training_interfaces/msg/detail/person__type_support.c
[0.335s] -- Up-to-date: /home/batman/ros2_ws/install/training_interfaces/lib/libtraining_interfaces__rosidl_typesupport_introspection_c.so
[0.335s] -- Up-to-date: /home/batman/ros2_ws/install/training_interfaces/lib/libtraining_interfaces__rosidl_typesupport_c.so
[0.335s] -- Up-to-date: /home/batman/ros2_ws/install/training_interfaces/include/training_interfaces/training_interfaces
[0.335s] -- Up-to-date: /home/batman/ros2_ws/install/training_interfaces/include/training_interfaces/training_interfaces/msg
[0.335s] -- Up-to-date: /home/batman/ros2_ws/install/training_interfaces/include/training_interfaces/training_interfaces/msg/rosidl_generator_cpp__visibility_control.hpp
[0.335s] -- Up-to-date: /home/batman/ros2_ws/install/training_interfaces/include/training_interfaces/training_interfaces/msg/detail
[0.335s] -- Up-to-date: /home/batman/ros2_ws/install/training_interfaces/include/training_interfaces/training_interfaces/msg/detail/person__builder.hpp
[0.335s] -- Up-to-date: /home/batman/ros2_ws/install/training_interfaces/include/training_interfaces/training_interfaces/msg/detail/person__type_support.hpp
[0.335s] -- Up-to-date: /home/batman/ros2_ws/install/training_interfaces/include/training_interfaces/training_interfaces/msg/detail/person__traits.hpp
[0.335s] -- Up-to-date: /home/batman/ros2_ws/install/training_interfaces/include/training_interfaces/training_interfaces/msg/detail/person__struct.hpp
[0.335s] -- Up-to-date: /home/batman/ros2_ws/install/training_interfaces/include/training_interfaces/training_interfaces/msg/person.hpp
[0.336s] -- Up-to-date: /home/batman/ros2_ws/install/training_interfaces/include/training_interfaces/training_interfaces
[0.336s] -- Up-to-date: /home/batman/ros2_ws/install/training_interfaces/include/training_interfaces/training_interfaces/msg
[0.336s] -- Up-to-date: /home/batman/ros2_ws/install/training_interfaces/include/training_interfaces/training_interfaces/msg/rosidl_typesupport_fastrtps_cpp__visibility_control.h
[0.336s] -- Up-to-date: /home/batman/ros2_ws/install/training_interfaces/include/training_interfaces/training_interfaces/msg/detail
[0.336s] -- Up-to-date: /home/batman/ros2_ws/install/training_interfaces/include/training_interfaces/training_interfaces/msg/detail/person__rosidl_typesupport_fastrtps_cpp.hpp
[0.336s] -- Up-to-date: /home/batman/ros2_ws/install/training_interfaces/include/training_interfaces/training_interfaces/msg/detail/dds_fastrtps
[0.336s] -- Up-to-date: /home/batman/ros2_ws/install/training_interfaces/lib/libtraining_interfaces__rosidl_typesupport_fastrtps_cpp.so
[0.336s] -- Up-to-date: /home/batman/ros2_ws/install/training_interfaces/include/training_interfaces/training_interfaces
[0.336s] -- Up-to-date: /home/batman/ros2_ws/install/training_interfaces/include/training_interfaces/training_interfaces/msg
[0.336s] -- Up-to-date: /home/batman/ros2_ws/install/training_interfaces/include/training_interfaces/training_interfaces/msg/detail
[0.336s] -- Up-to-date: /home/batman/ros2_ws/install/training_interfaces/include/training_interfaces/training_interfaces/msg/detail/person__type_support.cpp
[0.336s] -- Up-to-date: /home/batman/ros2_ws/install/training_interfaces/include/training_interfaces/training_interfaces/msg/detail/person__rosidl_typesupport_introspection_cpp.hpp
[0.336s] -- Up-to-date: /home/batman/ros2_ws/install/training_interfaces/lib/libtraining_interfaces__rosidl_typesupport_introspection_cpp.so
[0.336s] -- Up-to-date: /home/batman/ros2_ws/install/training_interfaces/lib/libtraining_interfaces__rosidl_typesupport_cpp.so
[0.336s] -- Up-to-date: /home/batman/ros2_ws/install/training_interfaces/share/training_interfaces/environment/pythonpath.sh
[0.336s] -- Up-to-date: /home/batman/ros2_ws/install/training_interfaces/share/training_interfaces/environment/pythonpath.dsv
[0.336s] -- Up-to-date: /home/batman/ros2_ws/install/training_interfaces/local/lib/python3.10/dist-packages/training_interfaces-0.0.0-py3.10.egg-info
[0.336s] -- Installing: /home/batman/ros2_ws/install/training_interfaces/local/lib/python3.10/dist-packages/training_interfaces-0.0.0-py3.10.egg-info/PKG-INFO
[0.337s] -- Installing: /home/batman/ros2_ws/install/training_interfaces/local/lib/python3.10/dist-packages/training_interfaces-0.0.0-py3.10.egg-info/dependency_links.txt
[0.337s] -- Installing: /home/batman/ros2_ws/install/training_interfaces/local/lib/python3.10/dist-packages/training_interfaces-0.0.0-py3.10.egg-info/top_level.txt
[0.337s] -- Installing: /home/batman/ros2_ws/install/training_interfaces/local/lib/python3.10/dist-packages/training_interfaces-0.0.0-py3.10.egg-info/SOURCES.txt
[0.337s] -- Up-to-date: /home/batman/ros2_ws/install/training_interfaces/local/lib/python3.10/dist-packages/training_interfaces
[0.337s] -- Up-to-date: /home/batman/ros2_ws/install/training_interfaces/local/lib/python3.10/dist-packages/training_interfaces/msg
[0.337s] -- Up-to-date: /home/batman/ros2_ws/install/training_interfaces/local/lib/python3.10/dist-packages/training_interfaces/msg/__init__.py
[0.337s] -- Up-to-date: /home/batman/ros2_ws/install/training_interfaces/local/lib/python3.10/dist-packages/training_interfaces/msg/_person.py
[0.337s] -- Up-to-date: /home/batman/ros2_ws/install/training_interfaces/local/lib/python3.10/dist-packages/training_interfaces/msg/_person_s.c
[0.337s] -- Up-to-date: /home/batman/ros2_ws/install/training_interfaces/local/lib/python3.10/dist-packages/training_interfaces/_training_interfaces_s.ep.rosidl_typesupport_c.c
[0.337s] -- Up-to-date: /home/batman/ros2_ws/install/training_interfaces/local/lib/python3.10/dist-packages/training_interfaces/__init__.py
[0.337s] -- Up-to-date: /home/batman/ros2_ws/install/training_interfaces/local/lib/python3.10/dist-packages/training_interfaces/libtraining_interfaces__rosidl_generator_py.so
[0.337s] -- Up-to-date: /home/batman/ros2_ws/install/training_interfaces/local/lib/python3.10/dist-packages/training_interfaces/_training_interfaces_s.ep.rosidl_typesupport_introspection_c.c
[0.337s] -- Up-to-date: /home/batman/ros2_ws/install/training_interfaces/local/lib/python3.10/dist-packages/training_interfaces/training_interfaces_s__rosidl_typesupport_c.cpython-310-x86_64-linux-gnu.so
[0.337s] -- Up-to-date: /home/batman/ros2_ws/install/training_interfaces/local/lib/python3.10/dist-packages/training_interfaces/_training_interfaces_s.ep.rosidl_typesupport_fastrtps_c.c
[0.337s] -- Up-to-date: /home/batman/ros2_ws/install/training_interfaces/local/lib/python3.10/dist-packages/training_interfaces/training_interfaces_s__rosidl_typesupport_fastrtps_c.cpython-310-x86_64-linux-gnu.so
[0.337s] -- Up-to-date: /home/batman/ros2_ws/install/training_interfaces/local/lib/python3.10/dist-packages/training_interfaces/training_interfaces_s__rosidl_typesupport_introspection_c.cpython-310-x86_64-linux-gnu.so
[0.362s] Listing '/home/batman/ros2_ws/install/training_interfaces/local/lib/python3.10/dist-packages/training_interfaces'...
[0.362s] Listing '/home/batman/ros2_ws/install/training_interfaces/local/lib/python3.10/dist-packages/training_interfaces/msg'...
[0.366s] -- Up-to-date: /home/batman/ros2_ws/install/training_interfaces/local/lib/python3.10/dist-packages/training_interfaces/training_interfaces_s__rosidl_typesupport_fastrtps_c.cpython-310-x86_64-linux-gnu.so
[0.366s] -- Up-to-date: /home/batman/ros2_ws/install/training_interfaces/local/lib/python3.10/dist-packages/training_interfaces/training_interfaces_s__rosidl_typesupport_introspection_c.cpython-310-x86_64-linux-gnu.so
[0.367s] -- Up-to-date: /home/batman/ros2_ws/install/training_interfaces/local/lib/python3.10/dist-packages/training_interfaces/training_interfaces_s__rosidl_typesupport_c.cpython-310-x86_64-linux-gnu.so
[0.367s] -- Up-to-date: /home/batman/ros2_ws/install/training_interfaces/lib/libtraining_interfaces__rosidl_generator_py.so
[0.367s] -- Up-to-date: /home/batman/ros2_ws/install/training_interfaces/share/training_interfaces/msg/Person.idl
[0.367s] -- Up-to-date: /home/batman/ros2_ws/install/training_interfaces/share/training_interfaces/msg/Person.msg
[0.367s] -- Up-to-date: /home/batman/ros2_ws/install/training_interfaces/share/ament_index/resource_index/package_run_dependencies/training_interfaces
[0.367s] -- Up-to-date: /home/batman/ros2_ws/install/training_interfaces/share/ament_index/resource_index/parent_prefix_path/training_interfaces
[0.367s] -- Up-to-date: /home/batman/ros2_ws/install/training_interfaces/share/training_interfaces/environment/ament_prefix_path.sh
[0.367s] -- Up-to-date: /home/batman/ros2_ws/install/training_interfaces/share/training_interfaces/environment/ament_prefix_path.dsv
[0.368s] -- Up-to-date: /home/batman/ros2_ws/install/training_interfaces/share/training_interfaces/environment/path.sh
[0.368s] -- Up-to-date: /home/batman/ros2_ws/install/training_interfaces/share/training_interfaces/environment/path.dsv
[0.368s] -- Up-to-date: /home/batman/ros2_ws/install/training_interfaces/share/training_interfaces/local_setup.bash
[0.368s] -- Up-to-date: /home/batman/ros2_ws/install/training_interfaces/share/training_interfaces/local_setup.sh
[0.368s] -- Up-to-date: /home/batman/ros2_ws/install/training_interfaces/share/training_interfaces/local_setup.zsh
[0.368s] -- Up-to-date: /home/batman/ros2_ws/install/training_interfaces/share/training_interfaces/local_setup.dsv
[0.368s] -- Installing: /home/batman/ros2_ws/install/training_interfaces/share/training_interfaces/package.dsv
[0.368s] -- Up-to-date: /home/batman/ros2_ws/install/training_interfaces/share/ament_index/resource_index/packages/training_interfaces
[0.368s] -- Up-to-date: /home/batman/ros2_ws/install/training_interfaces/share/training_interfaces/cmake/export_training_interfaces__rosidl_generator_cExport.cmake
[0.368s] -- Up-to-date: /home/batman/ros2_ws/install/training_interfaces/share/training_interfaces/cmake/export_training_interfaces__rosidl_generator_cExport-noconfig.cmake
[0.368s] -- Up-to-date: /home/batman/ros2_ws/install/training_interfaces/share/training_interfaces/cmake/export_training_interfaces__rosidl_typesupport_fastrtps_cExport.cmake
[0.368s] -- Up-to-date: /home/batman/ros2_ws/install/training_interfaces/share/training_interfaces/cmake/export_training_interfaces__rosidl_typesupport_fastrtps_cExport-noconfig.cmake
[0.368s] -- Up-to-date: /home/batman/ros2_ws/install/training_interfaces/share/training_interfaces/cmake/training_interfaces__rosidl_typesupport_introspection_cExport.cmake
[0.368s] -- Up-to-date: /home/batman/ros2_ws/install/training_interfaces/share/training_interfaces/cmake/training_interfaces__rosidl_typesupport_introspection_cExport-noconfig.cmake
[0.368s] -- Up-to-date: /home/batman/ros2_ws/install/training_interfaces/share/training_interfaces/cmake/training_interfaces__rosidl_typesupport_cExport.cmake
[0.368s] -- Up-to-date: /home/batman/ros2_ws/install/training_interfaces/share/training_interfaces/cmake/training_interfaces__rosidl_typesupport_cExport-noconfig.cmake
[0.368s] -- Up-to-date: /home/batman/ros2_ws/install/training_interfaces/share/training_interfaces/cmake/export_training_interfaces__rosidl_generator_cppExport.cmake
[0.368s] -- Up-to-date: /home/batman/ros2_ws/install/training_interfaces/share/training_interfaces/cmake/export_training_interfaces__rosidl_typesupport_fastrtps_cppExport.cmake
[0.368s] -- Up-to-date: /home/batman/ros2_ws/install/training_interfaces/share/training_interfaces/cmake/export_training_interfaces__rosidl_typesupport_fastrtps_cppExport-noconfig.cmake
[0.368s] -- Up-to-date: /home/batman/ros2_ws/install/training_interfaces/share/training_interfaces/cmake/training_interfaces__rosidl_typesupport_introspection_cppExport.cmake
[0.368s] -- Up-to-date: /home/batman/ros2_ws/install/training_interfaces/share/training_interfaces/cmake/training_interfaces__rosidl_typesupport_introspection_cppExport-noconfig.cmake
[0.368s] -- Up-to-date: /home/batman/ros2_ws/install/training_interfaces/share/training_interfaces/cmake/training_interfaces__rosidl_typesupport_cppExport.cmake
[0.368s] -- Up-to-date: /home/batman/ros2_ws/install/training_interfaces/share/training_interfaces/cmake/training_interfaces__rosidl_typesupport_cppExport-noconfig.cmake
[0.369s] -- Up-to-date: /home/batman/ros2_ws/install/training_interfaces/share/training_interfaces/cmake/export_training_interfaces__rosidl_generator_pyExport.cmake
[0.369s] -- Up-to-date: /home/batman/ros2_ws/install/training_interfaces/share/training_interfaces/cmake/export_training_interfaces__rosidl_generator_pyExport-noconfig.cmake
[0.369s] -- Up-to-date: /home/batman/ros2_ws/install/training_interfaces/share/training_interfaces/cmake/rosidl_cmake-extras.cmake
[0.369s] -- Up-to-date: /home/batman/ros2_ws/install/training_interfaces/share/training_interfaces/cmake/ament_cmake_export_include_directories-extras.cmake
[0.369s] -- Up-to-date: /home/batman/ros2_ws/install/training_interfaces/share/training_interfaces/cmake/ament_cmake_export_libraries-extras.cmake
[0.369s] -- Up-to-date: /home/batman/ros2_ws/install/training_interfaces/share/training_interfaces/cmake/ament_cmake_export_targets-extras.cmake
[0.369s] -- Up-to-date: /home/batman/ros2_ws/install/training_interfaces/share/training_interfaces/cmake/rosidl_cmake_export_typesupport_targets-extras.cmake
[0.369s] -- Up-to-date: /home/batman/ros2_ws/install/training_interfaces/share/training_interfaces/cmake/ament_cmake_export_dependencies-extras.cmake
[0.369s] -- Up-to-date: /home/batman/ros2_ws/install/training_interfaces/share/training_interfaces/cmake/rosidl_cmake_export_typesupport_libraries-extras.cmake
[0.369s] -- Up-to-date: /home/batman/ros2_ws/install/training_interfaces/share/training_interfaces/cmake/training_interfacesConfig.cmake
[0.369s] -- Up-to-date: /home/batman/ros2_ws/install/training_interfaces/share/training_interfaces/cmake/training_interfacesConfig-version.cmake
[0.369s] -- Up-to-date: /home/batman/ros2_ws/install/training_interfaces/share/training_interfaces/package.xml
[0.373s] Invoked command in '/home/batman/ros2_ws/build/training_interfaces' returned '0': CMAKE_PREFIX_PATH=${CMAKE_PREFIX_PATH}:/opt/ros/humble /usr/bin/cmake --install /home/batman/ros2_ws/build/training_interfaces
