running egg_info
writing ../../build/training/training.egg-info/PKG-INFO
writing dependency_links to ../../build/training/training.egg-info/dependency_links.txt
writing entry points to ../../build/training/training.egg-info/entry_points.txt
writing requirements to ../../build/training/training.egg-info/requires.txt
writing top-level names to ../../build/training/training.egg-info/top_level.txt
reading manifest file '../../build/training/training.egg-info/SOURCES.txt'
writing manifest file '../../build/training/training.egg-info/SOURCES.txt'
running build
running build_py
copying training/__init__.py -> /home/batman/ros2_ws/build/training/build/lib/training
copying training/publisher.py -> /home/batman/ros2_ws/build/training/build/lib/training
copying training/serial_reader.py -> /home/batman/ros2_ws/build/training/build/lib/training
copying training/subscriber.py -> /home/batman/ros2_ws/build/training/build/lib/training
running install
running install_lib
copying /home/batman/ros2_ws/build/training/build/lib/training/serial_reader.py -> /home/batman/ros2_ws/install/training/lib/python3.10/site-packages/training
byte-compiling /home/batman/ros2_ws/install/training/lib/python3.10/site-packages/training/serial_reader.py to serial_reader.cpython-310.pyc
running install_data
copying resource/training -> /home/batman/ros2_ws/install/training/share/ament_index/resource_index/packages
copying package.xml -> /home/batman/ros2_ws/install/training/share/training
running install_egg_info
removing '/home/batman/ros2_ws/install/training/lib/python3.10/site-packages/training-0.0.0-py3.10.egg-info' (and everything under it)
Copying ../../build/training/training.egg-info to /home/batman/ros2_ws/install/training/lib/python3.10/site-packages/training-0.0.0-py3.10.egg-info
running install_scripts
Installing publisher script to /home/batman/ros2_ws/install/training/lib/training
Installing serial_reader script to /home/batman/ros2_ws/install/training/lib/training
Installing subscriber script to /home/batman/ros2_ws/install/training/lib/training
writing list of installed files to '/home/batman/ros2_ws/build/training/install.log'
