/home/batman/.local/lib/python3.10/site-packages/setuptools/_distutils/dist.py:289: UserWarning: Unknown distribution option: 'tests_require'
  warnings.warn(msg)
running egg_info
creating ../../build/training/training.egg-info
writing ../../build/training/training.egg-info/PKG-INFO
writing dependency_links to ../../build/training/training.egg-info/dependency_links.txt
writing entry points to ../../build/training/training.egg-info/entry_points.txt
writing requirements to ../../build/training/training.egg-info/requires.txt
writing top-level names to ../../build/training/training.egg-info/top_level.txt
writing manifest file '../../build/training/training.egg-info/SOURCES.txt'
reading manifest file '../../build/training/training.egg-info/SOURCES.txt'
writing manifest file '../../build/training/training.egg-info/SOURCES.txt'
running build
running build_py
creating /home/batman/ros2_ws/build/training/build/lib/training
copying training/__init__.py -> /home/batman/ros2_ws/build/training/build/lib/training
copying training/publisher.py -> /home/batman/ros2_ws/build/training/build/lib/training
copying training/subscriber.py -> /home/batman/ros2_ws/build/training/build/lib/training
running install
running install_lib
creating /home/batman/ros2_ws/install/training/lib/python3.10/site-packages/training
copying /home/batman/ros2_ws/build/training/build/lib/training/__init__.py -> /home/batman/ros2_ws/install/training/lib/python3.10/site-packages/training
copying /home/batman/ros2_ws/build/training/build/lib/training/publisher.py -> /home/batman/ros2_ws/install/training/lib/python3.10/site-packages/training
copying /home/batman/ros2_ws/build/training/build/lib/training/subscriber.py -> /home/batman/ros2_ws/install/training/lib/python3.10/site-packages/training
byte-compiling /home/batman/ros2_ws/install/training/lib/python3.10/site-packages/training/__init__.py to __init__.cpython-310.pyc
byte-compiling /home/batman/ros2_ws/install/training/lib/python3.10/site-packages/training/publisher.py to publisher.cpython-310.pyc
byte-compiling /home/batman/ros2_ws/install/training/lib/python3.10/site-packages/training/subscriber.py to subscriber.cpython-310.pyc
running install_data
creating /home/batman/ros2_ws/install/training/share/ament_index/resource_index/packages
copying resource/training -> /home/batman/ros2_ws/install/training/share/ament_index/resource_index/packages
copying package.xml -> /home/batman/ros2_ws/install/training/share/training
running install_egg_info
Copying ../../build/training/training.egg-info to /home/batman/ros2_ws/install/training/lib/python3.10/site-packages/training-0.0.0-py3.10.egg-info
running install_scripts
Installing publisher script to /home/batman/ros2_ws/install/training/lib/training
Installing subscriber script to /home/batman/ros2_ws/install/training/lib/training
writing list of installed files to '/home/batman/ros2_ws/build/training/install.log'
