[0.011s] Invoking command in '/home/batman/ros2_ws/build/training_interfaces': CMAKE_PREFIX_PATH=${CMAKE_PREFIX_PATH}:/home/batman/ros2_ws/install/training:/opt/ros/humble /usr/bin/cmake --build /home/batman/ros2_ws/build/training_interfaces -- -j16 -l16
[0.058s] [ 12%] Built target training_interfaces__cpp
[0.058s] [ 12%] Built target training_interfaces__rosidl_generator_c
[0.069s] [ 12%] Built target ament_cmake_python_copy_training_interfaces
[0.083s] [ 22%] Built target training_interfaces__rosidl_typesupport_introspection_c
[0.084s] [ 41%] Built target training_interfaces__rosidl_typesupport_cpp
[0.084s] [ 41%] Built target training_interfaces__rosidl_typesupport_fastrtps_c
[0.084s] [ 51%] Built target training_interfaces__rosidl_typesupport_c
[0.085s] [ 61%] Built target training_interfaces__rosidl_typesupport_introspection_cpp
[0.085s] [ 70%] Built target training_interfaces__rosidl_typesupport_fastrtps_cpp
[0.105s] [ 70%] Built target training_interfaces
[0.126s] [ 74%] Built target training_interfaces__py
[0.147s] [ 80%] Built target training_interfaces__rosidl_generator_py
[0.169s] [100%] Built target training_interfaces__rosidl_typesupport_introspection_c__pyext
[0.169s] [100%] Built target training_interfaces__rosidl_typesupport_c__pyext
[0.169s] [100%] Built target training_interfaces__rosidl_typesupport_fastrtps_c__pyext
[0.225s] running egg_info
[0.238s] writing training_interfaces.egg-info/PKG-INFO
[0.239s] writing dependency_links to training_interfaces.egg-info/dependency_links.txt
[0.239s] writing top-level names to training_interfaces.egg-info/top_level.txt
[0.275s] reading manifest file 'training_interfaces.egg-info/SOURCES.txt'
[0.276s] writing manifest file 'training_interfaces.egg-info/SOURCES.txt'
[0.313s] [100%] Built target ament_cmake_python_build_training_interfaces_egg
[0.324s] Invoked command in '/home/batman/ros2_ws/build/training_interfaces' returned '0': CMAKE_PREFIX_PATH=${CMAKE_PREFIX_PATH}:/home/batman/ros2_ws/install/training:/opt/ros/humble /usr/bin/cmake --build /home/batman/ros2_ws/build/training_interfaces -- -j16 -l16
[0.335s] Invoking command in '/home/batman/ros2_ws/build/training_interfaces': CMAKE_PREFIX_PATH=${CMAKE_PREFIX_PATH}:/home/batman/ros2_ws/install/training:/opt/ros/humble /usr/bin/cmake --install /home/batman/ros2_ws/build/training_interfaces
[0.342s] -- Install configuration: ""
[0.342s] -- Up-to-date: /home/batman/ros2_ws/install/training_interfaces/share/ament_index/resource_index/rosidl_interfaces/training_interfaces
[0.342s] -- Up-to-date: /home/batman/ros2_ws/install/training_interfaces/include/training_interfaces/training_interfaces
[0.342s] -- Up-to-date: /home/batman/ros2_ws/install/training_interfaces/include/training_interfaces/training_interfaces/msg
[0.342s] -- Up-to-date: /home/batman/ros2_ws/install/training_interfaces/include/training_interfaces/training_interfaces/msg/person.h
[0.342s] -- Up-to-date: /home/batman/ros2_ws/install/training_interfaces/include/training_interfaces/training_interfaces/msg/detail
[0.342s] -- Up-to-date: /home/batman/ros2_ws/install/training_interfaces/include/training_interfaces/training_interfaces/msg/detail/person__functions.h
[0.342s] -- Up-to-date: /home/batman/ros2_ws/install/training_interfaces/include/training_interfaces/training_interfaces/msg/detail/person__type_support.h
[0.342s] -- Up-to-date: /home/batman/ros2_ws/install/training_interfaces/include/training_interfaces/training_interfaces/msg/detail/person__functions.c
[0.342s] -- Up-to-date: /home/batman/ros2_ws/install/training_interfaces/include/training_interfaces/training_interfaces/msg/detail/person__struct.h
[0.342s] -- Up-to-date: /home/batman/ros2_ws/install/training_interfaces/include/training_interfaces/training_interfaces/msg/rosidl_generator_c__visibility_control.h
[0.343s] -- Up-to-date: /home/batman/ros2_ws/install/training_interfaces/share/training_interfaces/environment/library_path.sh
[0.343s] -- Up-to-date: /home/batman/ros2_ws/install/training_interfaces/share/training_interfaces/environment/library_path.dsv
[0.343s] -- Up-to-date: /home/batman/ros2_ws/install/training_interfaces/lib/libtraining_interfaces__rosidl_generator_c.so
[0.343s] -- Up-to-date: /home/batman/ros2_ws/install/training_interfaces/include/training_interfaces/training_interfaces
[0.343s] -- Up-to-date: /home/batman/ros2_ws/install/training_interfaces/include/training_interfaces/training_interfaces/msg
[0.343s] -- Up-to-date: /home/batman/ros2_ws/install/training_interfaces/include/training_interfaces/training_interfaces/msg/detail
[0.343s] -- Up-to-date: /home/batman/ros2_ws/install/training_interfaces/include/training_interfaces/training_interfaces/msg/detail/person__rosidl_typesupport_fastrtps_c.h
[0.343s] -- Up-to-date: /home/batman/ros2_ws/install/training_interfaces/include/training_interfaces/training_interfaces/msg/rosidl_typesupport_fastrtps_c__visibility_control.h
[0.343s] -- Up-to-date: /home/batman/ros2_ws/install/training_interfaces/lib/libtraining_interfaces__rosidl_typesupport_fastrtps_c.so
[0.343s] -- Up-to-date: /home/batman/ros2_ws/install/training_interfaces/include/training_interfaces/training_interfaces
[0.343s] -- Up-to-date: /home/batman/ros2_ws/install/training_interfaces/include/training_interfaces/training_interfaces/msg
[0.343s] -- Up-to-date: /home/batman/ros2_ws/install/training_interfaces/include/training_interfaces/training_interfaces/msg/rosidl_typesupport_introspection_c__visibility_control.h
[0.343s] -- Up-to-date: /home/batman/ros2_ws/install/training_interfaces/include/training_interfaces/training_interfaces/msg/detail
[0.343s] -- Up-to-date: /home/batman/ros2_ws/install/training_interfaces/include/training_interfaces/training_interfaces/msg/detail/person__rosidl_typesupport_introspection_c.h
[0.343s] -- Up-to-date: /home/batman/ros2_ws/install/training_interfaces/include/training_interfaces/training_interfaces/msg/detail/person__type_support.c
[0.343s] -- Up-to-date: /home/batman/ros2_ws/install/training_interfaces/lib/libtraining_interfaces__rosidl_typesupport_introspection_c.so
[0.343s] -- Up-to-date: /home/batman/ros2_ws/install/training_interfaces/lib/libtraining_interfaces__rosidl_typesupport_c.so
[0.343s] -- Up-to-date: /home/batman/ros2_ws/install/training_interfaces/include/training_interfaces/training_interfaces
[0.343s] -- Up-to-date: /home/batman/ros2_ws/install/training_interfaces/include/training_interfaces/training_interfaces/msg
[0.343s] -- Up-to-date: /home/batman/ros2_ws/install/training_interfaces/include/training_interfaces/training_interfaces/msg/rosidl_generator_cpp__visibility_control.hpp
[0.343s] -- Up-to-date: /home/batman/ros2_ws/install/training_interfaces/include/training_interfaces/training_interfaces/msg/detail
[0.343s] -- Up-to-date: /home/batman/ros2_ws/install/training_interfaces/include/training_interfaces/training_interfaces/msg/detail/person__builder.hpp
[0.343s] -- Up-to-date: /home/batman/ros2_ws/install/training_interfaces/include/training_interfaces/training_interfaces/msg/detail/person__type_support.hpp
[0.343s] -- Up-to-date: /home/batman/ros2_ws/install/training_interfaces/include/training_interfaces/training_interfaces/msg/detail/person__traits.hpp
[0.344s] -- Up-to-date: /home/batman/ros2_ws/install/training_interfaces/include/training_interfaces/training_interfaces/msg/detail/person__struct.hpp
[0.344s] -- Up-to-date: /home/batman/ros2_ws/install/training_interfaces/include/training_interfaces/training_interfaces/msg/person.hpp
[0.344s] -- Up-to-date: /home/batman/ros2_ws/install/training_interfaces/include/training_interfaces/training_interfaces
[0.344s] -- Up-to-date: /home/batman/ros2_ws/install/training_interfaces/include/training_interfaces/training_interfaces/msg
[0.344s] -- Up-to-date: /home/batman/ros2_ws/install/training_interfaces/include/training_interfaces/training_interfaces/msg/rosidl_typesupport_fastrtps_cpp__visibility_control.h
[0.344s] -- Up-to-date: /home/batman/ros2_ws/install/training_interfaces/include/training_interfaces/training_interfaces/msg/detail
[0.344s] -- Up-to-date: /home/batman/ros2_ws/install/training_interfaces/include/training_interfaces/training_interfaces/msg/detail/person__rosidl_typesupport_fastrtps_cpp.hpp
[0.344s] -- Up-to-date: /home/batman/ros2_ws/install/training_interfaces/include/training_interfaces/training_interfaces/msg/detail/dds_fastrtps
[0.344s] -- Up-to-date: /home/batman/ros2_ws/install/training_interfaces/lib/libtraining_interfaces__rosidl_typesupport_fastrtps_cpp.so
[0.344s] -- Up-to-date: /home/batman/ros2_ws/install/training_interfaces/include/training_interfaces/training_interfaces
[0.344s] -- Up-to-date: /home/batman/ros2_ws/install/training_interfaces/include/training_interfaces/training_interfaces/msg
[0.344s] -- Up-to-date: /home/batman/ros2_ws/install/training_interfaces/include/training_interfaces/training_interfaces/msg/detail
[0.344s] -- Up-to-date: /home/batman/ros2_ws/install/training_interfaces/include/training_interfaces/training_interfaces/msg/detail/person__type_support.cpp
[0.344s] -- Up-to-date: /home/batman/ros2_ws/install/training_interfaces/include/training_interfaces/training_interfaces/msg/detail/person__rosidl_typesupport_introspection_cpp.hpp
[0.344s] -- Up-to-date: /home/batman/ros2_ws/install/training_interfaces/lib/libtraining_interfaces__rosidl_typesupport_introspection_cpp.so
[0.344s] -- Up-to-date: /home/batman/ros2_ws/install/training_interfaces/lib/libtraining_interfaces__rosidl_typesupport_cpp.so
[0.344s] -- Up-to-date: /home/batman/ros2_ws/install/training_interfaces/share/training_interfaces/environment/pythonpath.sh
[0.344s] -- Up-to-date: /home/batman/ros2_ws/install/training_interfaces/share/training_interfaces/environment/pythonpath.dsv
[0.344s] -- Up-to-date: /home/batman/ros2_ws/install/training_interfaces/local/lib/python3.10/dist-packages/training_interfaces-0.0.0-py3.10.egg-info
[0.344s] -- Installing: /home/batman/ros2_ws/install/training_interfaces/local/lib/python3.10/dist-packages/training_interfaces-0.0.0-py3.10.egg-info/PKG-INFO
[0.344s] -- Installing: /home/batman/ros2_ws/install/training_interfaces/local/lib/python3.10/dist-packages/training_interfaces-0.0.0-py3.10.egg-info/dependency_links.txt
[0.345s] -- Installing: /home/batman/ros2_ws/install/training_interfaces/local/lib/python3.10/dist-packages/training_interfaces-0.0.0-py3.10.egg-info/top_level.txt
[0.345s] -- Installing: /home/batman/ros2_ws/install/training_interfaces/local/lib/python3.10/dist-packages/training_interfaces-0.0.0-py3.10.egg-info/SOURCES.txt
[0.345s] -- Up-to-date: /home/batman/ros2_ws/install/training_interfaces/local/lib/python3.10/dist-packages/training_interfaces
[0.345s] -- Up-to-date: /home/batman/ros2_ws/install/training_interfaces/local/lib/python3.10/dist-packages/training_interfaces/msg
[0.345s] -- Up-to-date: /home/batman/ros2_ws/install/training_interfaces/local/lib/python3.10/dist-packages/training_interfaces/msg/__init__.py
[0.345s] -- Up-to-date: /home/batman/ros2_ws/install/training_interfaces/local/lib/python3.10/dist-packages/training_interfaces/msg/_person.py
[0.345s] -- Up-to-date: /home/batman/ros2_ws/install/training_interfaces/local/lib/python3.10/dist-packages/training_interfaces/msg/_person_s.c
[0.345s] -- Up-to-date: /home/batman/ros2_ws/install/training_interfaces/local/lib/python3.10/dist-packages/training_interfaces/_training_interfaces_s.ep.rosidl_typesupport_c.c
[0.345s] -- Up-to-date: /home/batman/ros2_ws/install/training_interfaces/local/lib/python3.10/dist-packages/training_interfaces/__init__.py
[0.345s] -- Up-to-date: /home/batman/ros2_ws/install/training_interfaces/local/lib/python3.10/dist-packages/training_interfaces/libtraining_interfaces__rosidl_generator_py.so
[0.345s] -- Up-to-date: /home/batman/ros2_ws/install/training_interfaces/local/lib/python3.10/dist-packages/training_interfaces/_training_interfaces_s.ep.rosidl_typesupport_introspection_c.c
[0.345s] -- Up-to-date: /home/batman/ros2_ws/install/training_interfaces/local/lib/python3.10/dist-packages/training_interfaces/training_interfaces_s__rosidl_typesupport_c.cpython-310-x86_64-linux-gnu.so
[0.345s] -- Up-to-date: /home/batman/ros2_ws/install/training_interfaces/local/lib/python3.10/dist-packages/training_interfaces/_training_interfaces_s.ep.rosidl_typesupport_fastrtps_c.c
[0.345s] -- Up-to-date: /home/batman/ros2_ws/install/training_interfaces/local/lib/python3.10/dist-packages/training_interfaces/training_interfaces_s__rosidl_typesupport_fastrtps_c.cpython-310-x86_64-linux-gnu.so
[0.345s] -- Up-to-date: /home/batman/ros2_ws/install/training_interfaces/local/lib/python3.10/dist-packages/training_interfaces/training_interfaces_s__rosidl_typesupport_introspection_c.cpython-310-x86_64-linux-gnu.so
[0.373s] Listing '/home/batman/ros2_ws/install/training_interfaces/local/lib/python3.10/dist-packages/training_interfaces'...
[0.373s] Listing '/home/batman/ros2_ws/install/training_interfaces/local/lib/python3.10/dist-packages/training_interfaces/msg'...
[0.377s] -- Up-to-date: /home/batman/ros2_ws/install/training_interfaces/local/lib/python3.10/dist-packages/training_interfaces/training_interfaces_s__rosidl_typesupport_fastrtps_c.cpython-310-x86_64-linux-gnu.so
[0.377s] -- Up-to-date: /home/batman/ros2_ws/install/training_interfaces/local/lib/python3.10/dist-packages/training_interfaces/training_interfaces_s__rosidl_typesupport_introspection_c.cpython-310-x86_64-linux-gnu.so
[0.378s] -- Up-to-date: /home/batman/ros2_ws/install/training_interfaces/local/lib/python3.10/dist-packages/training_interfaces/training_interfaces_s__rosidl_typesupport_c.cpython-310-x86_64-linux-gnu.so
[0.378s] -- Up-to-date: /home/batman/ros2_ws/install/training_interfaces/lib/libtraining_interfaces__rosidl_generator_py.so
[0.378s] -- Up-to-date: /home/batman/ros2_ws/install/training_interfaces/share/training_interfaces/msg/Person.idl
[0.378s] -- Up-to-date: /home/batman/ros2_ws/install/training_interfaces/share/training_interfaces/msg/Person.msg
[0.378s] -- Up-to-date: /home/batman/ros2_ws/install/training_interfaces/share/ament_index/resource_index/package_run_dependencies/training_interfaces
[0.378s] -- Up-to-date: /home/batman/ros2_ws/install/training_interfaces/share/ament_index/resource_index/parent_prefix_path/training_interfaces
[0.378s] -- Up-to-date: /home/batman/ros2_ws/install/training_interfaces/share/training_interfaces/environment/ament_prefix_path.sh
[0.378s] -- Up-to-date: /home/batman/ros2_ws/install/training_interfaces/share/training_interfaces/environment/ament_prefix_path.dsv
[0.378s] -- Up-to-date: /home/batman/ros2_ws/install/training_interfaces/share/training_interfaces/environment/path.sh
[0.378s] -- Up-to-date: /home/batman/ros2_ws/install/training_interfaces/share/training_interfaces/environment/path.dsv
[0.378s] -- Up-to-date: /home/batman/ros2_ws/install/training_interfaces/share/training_interfaces/local_setup.bash
[0.378s] -- Up-to-date: /home/batman/ros2_ws/install/training_interfaces/share/training_interfaces/local_setup.sh
[0.378s] -- Up-to-date: /home/batman/ros2_ws/install/training_interfaces/share/training_interfaces/local_setup.zsh
[0.378s] -- Up-to-date: /home/batman/ros2_ws/install/training_interfaces/share/training_interfaces/local_setup.dsv
[0.378s] -- Installing: /home/batman/ros2_ws/install/training_interfaces/share/training_interfaces/package.dsv
[0.378s] -- Up-to-date: /home/batman/ros2_ws/install/training_interfaces/share/ament_index/resource_index/packages/training_interfaces
[0.379s] -- Up-to-date: /home/batman/ros2_ws/install/training_interfaces/share/training_interfaces/cmake/export_training_interfaces__rosidl_generator_cExport.cmake
[0.379s] -- Up-to-date: /home/batman/ros2_ws/install/training_interfaces/share/training_interfaces/cmake/export_training_interfaces__rosidl_generator_cExport-noconfig.cmake
[0.379s] -- Up-to-date: /home/batman/ros2_ws/install/training_interfaces/share/training_interfaces/cmake/export_training_interfaces__rosidl_typesupport_fastrtps_cExport.cmake
[0.379s] -- Up-to-date: /home/batman/ros2_ws/install/training_interfaces/share/training_interfaces/cmake/export_training_interfaces__rosidl_typesupport_fastrtps_cExport-noconfig.cmake
[0.379s] -- Up-to-date: /home/batman/ros2_ws/install/training_interfaces/share/training_interfaces/cmake/training_interfaces__rosidl_typesupport_introspection_cExport.cmake
[0.379s] -- Up-to-date: /home/batman/ros2_ws/install/training_interfaces/share/training_interfaces/cmake/training_interfaces__rosidl_typesupport_introspection_cExport-noconfig.cmake
[0.379s] -- Up-to-date: /home/batman/ros2_ws/install/training_interfaces/share/training_interfaces/cmake/training_interfaces__rosidl_typesupport_cExport.cmake
[0.379s] -- Up-to-date: /home/batman/ros2_ws/install/training_interfaces/share/training_interfaces/cmake/training_interfaces__rosidl_typesupport_cExport-noconfig.cmake
[0.379s] -- Up-to-date: /home/batman/ros2_ws/install/training_interfaces/share/training_interfaces/cmake/export_training_interfaces__rosidl_generator_cppExport.cmake
[0.379s] -- Up-to-date: /home/batman/ros2_ws/install/training_interfaces/share/training_interfaces/cmake/export_training_interfaces__rosidl_typesupport_fastrtps_cppExport.cmake
[0.379s] -- Up-to-date: /home/batman/ros2_ws/install/training_interfaces/share/training_interfaces/cmake/export_training_interfaces__rosidl_typesupport_fastrtps_cppExport-noconfig.cmake
[0.379s] -- Up-to-date: /home/batman/ros2_ws/install/training_interfaces/share/training_interfaces/cmake/training_interfaces__rosidl_typesupport_introspection_cppExport.cmake
[0.379s] -- Up-to-date: /home/batman/ros2_ws/install/training_interfaces/share/training_interfaces/cmake/training_interfaces__rosidl_typesupport_introspection_cppExport-noconfig.cmake
[0.379s] -- Up-to-date: /home/batman/ros2_ws/install/training_interfaces/share/training_interfaces/cmake/training_interfaces__rosidl_typesupport_cppExport.cmake
[0.379s] -- Up-to-date: /home/batman/ros2_ws/install/training_interfaces/share/training_interfaces/cmake/training_interfaces__rosidl_typesupport_cppExport-noconfig.cmake
[0.379s] -- Up-to-date: /home/batman/ros2_ws/install/training_interfaces/share/training_interfaces/cmake/export_training_interfaces__rosidl_generator_pyExport.cmake
[0.379s] -- Up-to-date: /home/batman/ros2_ws/install/training_interfaces/share/training_interfaces/cmake/export_training_interfaces__rosidl_generator_pyExport-noconfig.cmake
[0.379s] -- Up-to-date: /home/batman/ros2_ws/install/training_interfaces/share/training_interfaces/cmake/rosidl_cmake-extras.cmake
[0.379s] -- Up-to-date: /home/batman/ros2_ws/install/training_interfaces/share/training_interfaces/cmake/ament_cmake_export_include_directories-extras.cmake
[0.380s] -- Up-to-date: /home/batman/ros2_ws/install/training_interfaces/share/training_interfaces/cmake/ament_cmake_export_libraries-extras.cmake
[0.380s] -- Up-to-date: /home/batman/ros2_ws/install/training_interfaces/share/training_interfaces/cmake/ament_cmake_export_targets-extras.cmake
[0.380s] -- Up-to-date: /home/batman/ros2_ws/install/training_interfaces/share/training_interfaces/cmake/rosidl_cmake_export_typesupport_targets-extras.cmake
[0.380s] -- Up-to-date: /home/batman/ros2_ws/install/training_interfaces/share/training_interfaces/cmake/ament_cmake_export_dependencies-extras.cmake
[0.380s] -- Up-to-date: /home/batman/ros2_ws/install/training_interfaces/share/training_interfaces/cmake/rosidl_cmake_export_typesupport_libraries-extras.cmake
[0.380s] -- Up-to-date: /home/batman/ros2_ws/install/training_interfaces/share/training_interfaces/cmake/training_interfacesConfig.cmake
[0.380s] -- Up-to-date: /home/batman/ros2_ws/install/training_interfaces/share/training_interfaces/cmake/training_interfacesConfig-version.cmake
[0.380s] -- Up-to-date: /home/batman/ros2_ws/install/training_interfaces/share/training_interfaces/package.xml
[0.383s] Invoked command in '/home/batman/ros2_ws/build/training_interfaces' returned '0': CMAKE_PREFIX_PATH=${CMAKE_PREFIX_PATH}:/home/batman/ros2_ws/install/training:/opt/ros/humble /usr/bin/cmake --install /home/batman/ros2_ws/build/training_interfaces
