/home/batman/ros2_ws/install/training/lib/python3.10/site-packages/training/__init__.py
/home/batman/ros2_ws/install/training/lib/python3.10/site-packages/training/publisher.py
/home/batman/ros2_ws/install/training/lib/python3.10/site-packages/training/serial_reader.py
/home/batman/ros2_ws/install/training/lib/python3.10/site-packages/training/subscriber.py
/home/batman/ros2_ws/install/training/lib/python3.10/site-packages/training/__pycache__/__init__.cpython-310.pyc
/home/batman/ros2_ws/install/training/lib/python3.10/site-packages/training/__pycache__/publisher.cpython-310.pyc
/home/batman/ros2_ws/install/training/lib/python3.10/site-packages/training/__pycache__/serial_reader.cpython-310.pyc
/home/batman/ros2_ws/install/training/lib/python3.10/site-packages/training/__pycache__/subscriber.cpython-310.pyc
/home/batman/ros2_ws/install/training/share/ament_index/resource_index/packages/training
/home/batman/ros2_ws/install/training/share/training/package.xml
/home/batman/ros2_ws/install/training/lib/python3.10/site-packages/training-0.0.0-py3.10.egg-info/PKG-INFO
/home/batman/ros2_ws/install/training/lib/python3.10/site-packages/training-0.0.0-py3.10.egg-info/requires.txt
/home/batman/ros2_ws/install/training/lib/python3.10/site-packages/training-0.0.0-py3.10.egg-info/zip-safe
/home/batman/ros2_ws/install/training/lib/python3.10/site-packages/training-0.0.0-py3.10.egg-info/dependency_links.txt
/home/batman/ros2_ws/install/training/lib/python3.10/site-packages/training-0.0.0-py3.10.egg-info/entry_points.txt
/home/batman/ros2_ws/install/training/lib/python3.10/site-packages/training-0.0.0-py3.10.egg-info/top_level.txt
/home/batman/ros2_ws/install/training/lib/python3.10/site-packages/training-0.0.0-py3.10.egg-info/SOURCES.txt
/home/batman/ros2_ws/install/training/lib/training/publisher
/home/batman/ros2_ws/install/training/lib/training/serial_reader
/home/batman/ros2_ws/install/training/lib/training/subscriber
